* using log directory ‘/Users/atalhouk/Repositories/sandbox/nanostringr.Rcheck’
* using R version 3.2.2 (2015-08-14)
* using platform: x86_64-apple-darwin13.4.0 (64-bit)
* using session charset: UTF-8
* using options ‘--run-donttest --as-cran’
* checking for file ‘nanostringr/DESCRIPTION’ ... OK
* checking extension type ... Package
* this is package ‘nanostringr’ version ‘0.0.0.9008’
* checking package namespace information ... OK
* checking package dependencies ... OK
* checking if this is a source package ... OK
* checking if there is a namespace ... OK
* checking for executable files ... OK
* checking for hidden files and directories ... OK
* checking for portable file names ... OK
* checking for sufficient/correct file permissions ... OK
* checking whether package ‘nanostringr’ can be installed ... OK
* checking installed package size ... OK
* checking package directory ... OK
* checking ‘build’ directory ... OK
* checking DESCRIPTION meta-information ... NOTE
Package listed in more than one of Depends, Imports, Suggests, Enhances:
  ‘dplyr’
A package should be listed in only one of these fields.
* checking top-level files ... NOTE
Non-standard file/directory found at top level:
  ‘README.Rmd’
* checking for left-over files ... OK
* checking index information ... OK
* checking package subdirectories ... OK
* checking R files for non-ASCII characters ... OK
* checking R files for syntax errors ... OK
* checking whether the package can be loaded ... OK
* checking whether the package can be loaded with stated dependencies ... OK
* checking whether the package can be unloaded cleanly ... OK
* checking whether the namespace can be loaded with stated dependencies ... OK
* checking whether the namespace can be unloaded cleanly ... OK
* checking dependencies in R code ... WARNING
'::' or ':::' import not declared from: ‘ccaPP’
* checking S3 generic/method consistency ... OK
* checking replacement functions ... OK
* checking foreign function calls ... OK
* checking R code for possible problems ... OK
* checking Rd files ... OK
* checking Rd metadata ... OK
* checking Rd line widths ... OK
* checking Rd cross-references ... OK
* checking for missing documentation entries ... WARNING
Undocumented code objects:
  ‘expQC’ ‘hld.r’ ‘hlo.r’ ‘ovc.r’ ‘ovd.r’ ‘ovo.r’
Undocumented data sets:
  ‘expQC’ ‘hld.r’ ‘hlo.r’ ‘ovc.r’ ‘ovd.r’ ‘ovo.r’
All user-level objects in a package should have documentation entries.
See chapter ‘Writing R documentation files’ in the ‘Writing R
Extensions’ manual.
* checking for code/documentation mismatches ... OK
* checking Rd \usage sections ... WARNING
Undocumented arguments in documentation object 'HKnorm'
  ‘is.logged’

Functions with \usage entries need to have the appropriate \alias
entries, and all their arguments documented.
The \usage entries must correspond to syntactically valid R code.
See chapter ‘Writing R documentation files’ in the ‘Writing R
Extensions’ manual.
* checking Rd contents ... OK
* checking for unstated dependencies in examples ... OK
* checking contents of ‘data’ directory ... OK
* checking data for non-ASCII characters ... OK
* checking data for ASCII and uncompressed saves ... OK
* checking installed files from ‘inst/doc’ ... OK
* checking files in ‘vignettes’ ... OK
* checking examples ... OK
* checking for unstated dependencies in ‘tests’ ... OK
* checking tests ... ERROR
Running the tests in ‘tests/order.R’ failed.
Last 13 lines of output:
  'help.start()' for an HTML browser interface to help.
  Type 'q()' to quit R.
  
  > logXpr <- replicate(5, rnorm(6))
  > dim(logXpr)
  [1] 6 5
  > 
  > logHK <- apply(logXpr[,4:5],1,mean)
  > logref <- apply(logXpr[5:6,],2,mean)
  > 
  > normtoHK <- sweep(logXpr,1, logHK) %>% sweep(.,2,logref)
  Error: could not find function "%>%"
  Execution halted
* checking for unstated dependencies in vignettes ... NOTE
'library' or 'require' call not declared from: ‘CHL26predictor’
* checking package vignettes in ‘inst/doc’ ... OK
* checking running R code from vignettes ... OK
* checking re-building of vignette outputs ... OK
* checking PDF version of manual ... OK
* DONE
Status: 1 ERROR, 3 WARNINGs, 3 NOTEs
